<?xml version="1.0" encoding="UTF-8"?>
<testsuite time='1.818777' skipped='0' failures='0' errors='3' name="TestExternalSegmenterPage" assertions='0' tests='3' timestamp="2022-02-28T16:21:36+01:00">
  <testcase time='0.629921' file="external_test_segmenter.rb" name="test_00_launch_query" assertions='0'>
    <error type='Selenium::WebDriver::Error::SessionNotCreatedError' message="session not created: This version of ChromeDriver only supports Chrome version 84">#0 0x5618a9957ea9 &lt;unknown&gt;
/usr/share/rvm/gems/ruby-2.6.1/gems/selenium-webdriver-3.142.7/lib/selenium/webdriver/remote/response.rb:72:in `assert_ok&#39;
/usr/share/rvm/gems/ruby-2.6.1/gems/selenium-webdriver-3.142.7/lib/selenium/webdriver/remote/response.rb:34:in `initialize&#39;
/usr/share/rvm/gems/ruby-2.6.1/gems/selenium-webdriver-3.142.7/lib/selenium/webdriver/remote/http/common.rb:88:in `new&#39;
/usr/share/rvm/gems/ruby-2.6.1/gems/selenium-webdriver-3.142.7/lib/selenium/webdriver/remote/http/common.rb:88:in `create_response&#39;
/usr/share/rvm/gems/ruby-2.6.1/gems/selenium-webdriver-3.142.7/lib/selenium/webdriver/remote/http/default.rb:114:in `request&#39;
/usr/share/rvm/gems/ruby-2.6.1/gems/selenium-webdriver-3.142.7/lib/selenium/webdriver/remote/http/common.rb:64:in `call&#39;
/usr/share/rvm/gems/ruby-2.6.1/gems/selenium-webdriver-3.142.7/lib/selenium/webdriver/remote/bridge.rb:167:in `execute&#39;
/usr/share/rvm/gems/ruby-2.6.1/gems/selenium-webdriver-3.142.7/lib/selenium/webdriver/remote/bridge.rb:102:in `create_session&#39;
/usr/share/rvm/gems/ruby-2.6.1/gems/selenium-webdriver-3.142.7/lib/selenium/webdriver/remote/bridge.rb:56:in `handshake&#39;
/usr/share/rvm/gems/ruby-2.6.1/gems/selenium-webdriver-3.142.7/lib/selenium/webdriver/chrome/driver.rb:43:in `initialize&#39;
/usr/share/rvm/gems/ruby-2.6.1/gems/selenium-webdriver-3.142.7/lib/selenium/webdriver/common/driver.rb:46:in `new&#39;
/usr/share/rvm/gems/ruby-2.6.1/gems/selenium-webdriver-3.142.7/lib/selenium/webdriver/common/driver.rb:46:in `for&#39;
/usr/share/rvm/gems/ruby-2.6.1/gems/selenium-webdriver-3.142.7/lib/selenium/webdriver.rb:88:in `for&#39;
/usr/share/rvm/gems/ruby-2.6.1/gems/watir-6.17.0/lib/watir/browser.rb:46:in `initialize&#39;
vidjil_browser.rb:7:in `initialize&#39;
segmenter_test.rb:13:in `new&#39;
segmenter_test.rb:13:in `set_browser&#39;
segmenter_test.rb:34:in `setup&#39;
    </error>
  </testcase>
  <testcase time='0.643576' file="external_test_segmenter.rb" name="test_05_imgt_post" assertions='0'>
    <error type='Selenium::WebDriver::Error::SessionNotCreatedError' message="session not created: This version of ChromeDriver only supports Chrome version 84">#0 0x56316ef03ea9 &lt;unknown&gt;
/usr/share/rvm/gems/ruby-2.6.1/gems/selenium-webdriver-3.142.7/lib/selenium/webdriver/remote/response.rb:72:in `assert_ok&#39;
/usr/share/rvm/gems/ruby-2.6.1/gems/selenium-webdriver-3.142.7/lib/selenium/webdriver/remote/response.rb:34:in `initialize&#39;
/usr/share/rvm/gems/ruby-2.6.1/gems/selenium-webdriver-3.142.7/lib/selenium/webdriver/remote/http/common.rb:88:in `new&#39;
/usr/share/rvm/gems/ruby-2.6.1/gems/selenium-webdriver-3.142.7/lib/selenium/webdriver/remote/http/common.rb:88:in `create_response&#39;
/usr/share/rvm/gems/ruby-2.6.1/gems/selenium-webdriver-3.142.7/lib/selenium/webdriver/remote/http/default.rb:114:in `request&#39;
/usr/share/rvm/gems/ruby-2.6.1/gems/selenium-webdriver-3.142.7/lib/selenium/webdriver/remote/http/common.rb:64:in `call&#39;
/usr/share/rvm/gems/ruby-2.6.1/gems/selenium-webdriver-3.142.7/lib/selenium/webdriver/remote/bridge.rb:167:in `execute&#39;
/usr/share/rvm/gems/ruby-2.6.1/gems/selenium-webdriver-3.142.7/lib/selenium/webdriver/remote/bridge.rb:102:in `create_session&#39;
/usr/share/rvm/gems/ruby-2.6.1/gems/selenium-webdriver-3.142.7/lib/selenium/webdriver/remote/bridge.rb:56:in `handshake&#39;
/usr/share/rvm/gems/ruby-2.6.1/gems/selenium-webdriver-3.142.7/lib/selenium/webdriver/chrome/driver.rb:43:in `initialize&#39;
/usr/share/rvm/gems/ruby-2.6.1/gems/selenium-webdriver-3.142.7/lib/selenium/webdriver/common/driver.rb:46:in `new&#39;
/usr/share/rvm/gems/ruby-2.6.1/gems/selenium-webdriver-3.142.7/lib/selenium/webdriver/common/driver.rb:46:in `for&#39;
/usr/share/rvm/gems/ruby-2.6.1/gems/selenium-webdriver-3.142.7/lib/selenium/webdriver.rb:88:in `for&#39;
/usr/share/rvm/gems/ruby-2.6.1/gems/watir-6.17.0/lib/watir/browser.rb:46:in `initialize&#39;
vidjil_browser.rb:7:in `initialize&#39;
segmenter_test.rb:13:in `new&#39;
segmenter_test.rb:13:in `set_browser&#39;
segmenter_test.rb:34:in `setup&#39;
    </error>
  </testcase>
  <testcase time='0.545280' file="external_test_segmenter.rb" name="test_zz_close" assertions='0'>
    <error type='Selenium::WebDriver::Error::SessionNotCreatedError' message="session not created: This version of ChromeDriver only supports Chrome version 84">#0 0x55f37be82ea9 &lt;unknown&gt;
/usr/share/rvm/gems/ruby-2.6.1/gems/selenium-webdriver-3.142.7/lib/selenium/webdriver/remote/response.rb:72:in `assert_ok&#39;
/usr/share/rvm/gems/ruby-2.6.1/gems/selenium-webdriver-3.142.7/lib/selenium/webdriver/remote/response.rb:34:in `initialize&#39;
/usr/share/rvm/gems/ruby-2.6.1/gems/selenium-webdriver-3.142.7/lib/selenium/webdriver/remote/http/common.rb:88:in `new&#39;
/usr/share/rvm/gems/ruby-2.6.1/gems/selenium-webdriver-3.142.7/lib/selenium/webdriver/remote/http/common.rb:88:in `create_response&#39;
/usr/share/rvm/gems/ruby-2.6.1/gems/selenium-webdriver-3.142.7/lib/selenium/webdriver/remote/http/default.rb:114:in `request&#39;
/usr/share/rvm/gems/ruby-2.6.1/gems/selenium-webdriver-3.142.7/lib/selenium/webdriver/remote/http/common.rb:64:in `call&#39;
/usr/share/rvm/gems/ruby-2.6.1/gems/selenium-webdriver-3.142.7/lib/selenium/webdriver/remote/bridge.rb:167:in `execute&#39;
/usr/share/rvm/gems/ruby-2.6.1/gems/selenium-webdriver-3.142.7/lib/selenium/webdriver/remote/bridge.rb:102:in `create_session&#39;
/usr/share/rvm/gems/ruby-2.6.1/gems/selenium-webdriver-3.142.7/lib/selenium/webdriver/remote/bridge.rb:56:in `handshake&#39;
/usr/share/rvm/gems/ruby-2.6.1/gems/selenium-webdriver-3.142.7/lib/selenium/webdriver/chrome/driver.rb:43:in `initialize&#39;
/usr/share/rvm/gems/ruby-2.6.1/gems/selenium-webdriver-3.142.7/lib/selenium/webdriver/common/driver.rb:46:in `new&#39;
/usr/share/rvm/gems/ruby-2.6.1/gems/selenium-webdriver-3.142.7/lib/selenium/webdriver/common/driver.rb:46:in `for&#39;
/usr/share/rvm/gems/ruby-2.6.1/gems/selenium-webdriver-3.142.7/lib/selenium/webdriver.rb:88:in `for&#39;
/usr/share/rvm/gems/ruby-2.6.1/gems/watir-6.17.0/lib/watir/browser.rb:46:in `initialize&#39;
vidjil_browser.rb:7:in `initialize&#39;
segmenter_test.rb:13:in `new&#39;
segmenter_test.rb:13:in `set_browser&#39;
segmenter_test.rb:34:in `setup&#39;
    </error>
  </testcase>
</testsuite>
